{"@timestamp":"2026-07-08T08:17:14.3521226-05:00","@version":"1","message":"HV000001: Hibernate Validator 8.0.3.Final","logger_name":"org.hibernate.validator.internal.util.Version","thread_name":"background-preinit","level":"INFO","level_value":20000,"servicio":"uno-rs","version":"1.0"}
{"@timestamp":"2026-07-08T08:17:14.5259463-05:00","@version":"1","message":"Starting UnoRsApplication using Java 21.0.11 with PID 20092 (C:\\Users\\uribe\\Downloads\\El PARCHE\\uno-rs\\target\\classes started by uribe in C:\\Users\\uribe\\Downloads\\El PARCHE\\uno-rs)","logger_name":"com.elparche.uno.UnoRsApplication","thread_name":"main","level":"INFO","level_value":20000,"servicio":"uno-rs","version":"1.0"}
{"@timestamp":"2026-07-08T08:17:14.5289302-05:00","@version":"1","message":"No active profile set, falling back to 1 default profile: \"default\"","logger_name":"com.elparche.uno.UnoRsApplication","thread_name":"main","level":"INFO","level_value":20000,"servicio":"uno-rs","version":"1.0"}
{"@timestamp":"2026-07-08T08:17:17.3082777-05:00","@version":"1","message":"Multiple Spring Data modules found, entering strict repository configuration mode","logger_name":"org.springframework.data.repository.config.RepositoryConfigurationDelegate","thread_name":"main","level":"INFO","level_value":20000,"servicio":"uno-rs","version":"1.0"}
{"@timestamp":"2026-07-08T08:17:17.3166848-05:00","@version":"1","message":"Bootstrapping Spring Data Redis repositories in DEFAULT mode.","logger_name":"org.springframework.data.repository.config.RepositoryConfigurationDelegate","thread_name":"main","level":"INFO","level_value":20000,"servicio":"uno-rs","version":"1.0"}
{"@timestamp":"2026-07-08T08:17:17.4029638-05:00","@version":"1","message":"Finished Spring Data repository scanning in 34 ms. Found 0 Redis repository interfaces.","logger_name":"org.springframework.data.repository.config.RepositoryConfigurationDelegate","thread_name":"main","level":"INFO","level_value":20000,"servicio":"uno-rs","version":"1.0"}
{"@timestamp":"2026-07-08T08:17:18.5609424-05:00","@version":"1","message":"Tomcat initialized with port 8090 (http)","logger_name":"org.springframework.boot.web.embedded.tomcat.TomcatWebServer","thread_name":"main","level":"INFO","level_value":20000,"servicio":"uno-rs","version":"1.0"}
{"@timestamp":"2026-07-08T08:17:18.7016014-05:00","@version":"1","message":"Initializing ProtocolHandler [\"http-nio-8090\"]","logger_name":"org.apache.coyote.http11.Http11NioProtocol","thread_name":"main","level":"INFO","level_value":20000,"servicio":"uno-rs","version":"1.0"}
{"@timestamp":"2026-07-08T08:17:18.7337935-05:00","@version":"1","message":"Starting service [Tomcat]","logger_name":"org.apache.catalina.core.StandardService","thread_name":"main","level":"INFO","level_value":20000,"servicio":"uno-rs","version":"1.0"}
{"@timestamp":"2026-07-08T08:17:18.7444658-05:00","@version":"1","message":"Starting Servlet engine: [Apache Tomcat/10.1.55]","logger_name":"org.apache.catalina.core.StandardEngine","thread_name":"main","level":"INFO","level_value":20000,"servicio":"uno-rs","version":"1.0"}
{"@timestamp":"2026-07-08T08:17:19.1800187-05:00","@version":"1","message":"Initializing Spring embedded WebApplicationContext","logger_name":"org.apache.catalina.core.ContainerBase.[Tomcat].[localhost].[/]","thread_name":"main","level":"INFO","level_value":20000,"servicio":"uno-rs","version":"1.0"}
{"@timestamp":"2026-07-08T08:17:19.1866631-05:00","@version":"1","message":"Root WebApplicationContext: initialization completed in 4510 ms","logger_name":"org.springframework.boot.web.servlet.context.ServletWebServerApplicationContext","thread_name":"main","level":"INFO","level_value":20000,"servicio":"uno-rs","version":"1.0"}
{"@timestamp":"2026-07-08T08:17:21.4741822-05:00","@version":"1","message":"No hay salas para recuperar de Redis","logger_name":"com.elparche.uno.game.GestorSalas","thread_name":"main","level":"INFO","level_value":20000,"servicio":"uno-rs","version":"1.0"}
{"@timestamp":"2026-07-08T08:17:22.3161071-05:00","@version":"1","message":"Global AuthenticationManager configured with UserDetailsService bean with name inMemoryUserDetailsManager","logger_name":"org.springframework.security.config.annotation.authentication.configuration.InitializeUserDetailsBeanManagerConfigurer$InitializeUserDetailsManagerConfigurer","thread_name":"main","level":"INFO","level_value":20000,"servicio":"uno-rs","version":"1.0"}
{"@timestamp":"2026-07-08T08:17:23.1749529-05:00","@version":"1","message":"Starting...","logger_name":"org.springframework.messaging.simp.broker.SimpleBrokerMessageHandler","thread_name":"main","level":"INFO","level_value":20000,"servicio":"uno-rs","version":"1.0"}
{"@timestamp":"2026-07-08T08:17:23.1788703-05:00","@version":"1","message":"BrokerAvailabilityEvent[available=true, SimpleBrokerMessageHandler [org.springframework.messaging.simp.broker.DefaultSubscriptionRegistry@3d213a2b]]","logger_name":"org.springframework.messaging.simp.broker.SimpleBrokerMessageHandler","thread_name":"main","level":"INFO","level_value":20000,"servicio":"uno-rs","version":"1.0"}
{"@timestamp":"2026-07-08T08:17:23.1799917-05:00","@version":"1","message":"Started.","logger_name":"org.springframework.messaging.simp.broker.SimpleBrokerMessageHandler","thread_name":"main","level":"INFO","level_value":20000,"servicio":"uno-rs","version":"1.0"}
{"@timestamp":"2026-07-08T08:17:23.1826532-05:00","@version":"1","message":"Starting ProtocolHandler [\"http-nio-8090\"]","logger_name":"org.apache.coyote.http11.Http11NioProtocol","thread_name":"main","level":"INFO","level_value":20000,"servicio":"uno-rs","version":"1.0"}
{"@timestamp":"2026-07-08T08:17:23.2096366-05:00","@version":"1","message":"Tomcat started on port 8090 (http) with context path '/'","logger_name":"org.springframework.boot.web.embedded.tomcat.TomcatWebServer","thread_name":"main","level":"INFO","level_value":20000,"servicio":"uno-rs","version":"1.0"}
{"@timestamp":"2026-07-08T08:17:23.2259712-05:00","@version":"1","message":"Started UnoRsApplication in 10.991 seconds (process running for 12.498)","logger_name":"com.elparche.uno.UnoRsApplication","thread_name":"main","level":"INFO","level_value":20000,"servicio":"uno-rs","version":"1.0"}
{"@timestamp":"2026-07-08T08:18:23.1887557-05:00","@version":"1","message":"WebSocketSession[0 current WS(0)-HttpStream(0)-HttpPoll(0), 0 total, 0 closed abnormally (0 connect failure, 0 send limit, 0 transport error)], stompSubProtocol[processed CONNECT(0)-CONNECTED(0)-DISCONNECT(0)], stompBrokerRelay[null], inboundChannel[pool size = 0, active threads = 0, queued tasks = 0, completed tasks = 0], outboundChannel[pool size = 0, active threads = 0, queued tasks = 0, completed tasks = 0], sockJsScheduler[pool size = 1, active threads = 1, queued tasks = 0, completed tasks = 0]","logger_name":"org.springframework.web.socket.config.WebSocketMessageBrokerStats","thread_name":"MessageBroker-1","level":"INFO","level_value":20000,"servicio":"uno-rs","version":"1.0"}
{"@timestamp":"2026-07-08T08:19:39.2869928-05:00","@version":"1","message":"Initializing Spring DispatcherServlet 'dispatcherServlet'","logger_name":"org.apache.catalina.core.ContainerBase.[Tomcat].[localhost].[/]","thread_name":"http-nio-8090-exec-2","level":"INFO","level_value":20000,"servicio":"uno-rs","version":"1.0"}
{"@timestamp":"2026-07-08T08:19:39.2879763-05:00","@version":"1","message":"Initializing Servlet 'dispatcherServlet'","logger_name":"org.springframework.web.servlet.DispatcherServlet","thread_name":"http-nio-8090-exec-2","level":"INFO","level_value":20000,"servicio":"uno-rs","version":"1.0"}
{"@timestamp":"2026-07-08T08:19:39.2985195-05:00","@version":"1","message":"Completed initialization in 8 ms","logger_name":"org.springframework.web.servlet.DispatcherServlet","thread_name":"http-nio-8090-exec-2","level":"INFO","level_value":20000,"servicio":"uno-rs","version":"1.0"}
{"@timestamp":"2026-07-08T08:20:29.0534654-05:00","@version":"1","message":"JWT validado para usuario: carljob","logger_name":"com.elparche.uno.security.JwtAuthFilter","thread_name":"http-nio-8090-exec-6","level":"INFO","level_value":20000,"servicio":"uno-rs","version":"1.0"}
{"@timestamp":"2026-07-08T08:20:29.1476202-05:00","@version":"1","message":"Sala AA9BA572 guardada en Redis","logger_name":"com.elparche.uno.game.GestorSalas","thread_name":"http-nio-8090-exec-6","level":"INFO","level_value":20000,"servicio":"uno-rs","version":"1.0"}
{"@timestamp":"2026-07-08T08:20:29.1839394-05:00","@version":"1","message":"Apuesta publicada — username: carljob, monto: 50.0, sala: AA9BA572","logger_name":"com.elparche.uno.config.RedisEventPublisher","thread_name":"http-nio-8090-exec-6","level":"INFO","level_value":20000,"servicio":"uno-rs","version":"1.0"}
{"@timestamp":"2026-07-08T08:20:29.1858137-05:00","@version":"1","message":"Sala creada: AA9BA572 por carljob — tipo: PUBLICA — apuesta: 50.0","logger_name":"com.elparche.uno.game.GestorSalas","thread_name":"http-nio-8090-exec-6","level":"INFO","level_value":20000,"servicio":"uno-rs","version":"1.0"}
{"@timestamp":"2026-07-08T08:20:29.4282056-05:00","@version":"1","message":"JWT validado para usuario: carljob","logger_name":"com.elparche.uno.security.JwtAuthFilter","thread_name":"http-nio-8090-exec-1","level":"INFO","level_value":20000,"servicio":"uno-rs","version":"1.0"}
{"@timestamp":"2026-07-08T08:20:31.5404905-05:00","@version":"1","message":"JWT validado para usuario: carljob","logger_name":"com.elparche.uno.security.JwtAuthFilter","thread_name":"http-nio-8090-exec-4","level":"INFO","level_value":20000,"servicio":"uno-rs","version":"1.0"}
{"@timestamp":"2026-07-08T08:20:33.1211977-05:00","@version":"1","message":"Icono cambiado en sala AA9BA572 — carljob ahora es \uD83E\uDD9D","logger_name":"com.elparche.uno.websocket.UnoWebSocketController","thread_name":"clientInboundChannel-16","level":"INFO","level_value":20000,"servicio":"uno-rs","version":"1.0"}
{"@timestamp":"2026-07-08T08:20:33.5400187-05:00","@version":"1","message":"JWT validado para usuario: carljob","logger_name":"com.elparche.uno.security.JwtAuthFilter","thread_name":"http-nio-8090-exec-6","level":"INFO","level_value":20000,"servicio":"uno-rs","version":"1.0"}
{"@timestamp":"2026-07-08T08:20:35.5414476-05:00","@version":"1","message":"JWT validado para usuario: carljob","logger_name":"com.elparche.uno.security.JwtAuthFilter","thread_name":"http-nio-8090-exec-9","level":"INFO","level_value":20000,"servicio":"uno-rs","version":"1.0"}
{"@timestamp":"2026-07-08T08:20:35.7517685-05:00","@version":"1","message":"Icono cambiado en sala AA9BA572 — carljob ahora es \uD83D\uDC3C","logger_name":"com.elparche.uno.websocket.UnoWebSocketController","thread_name":"clientInboundChannel-2","level":"INFO","level_value":20000,"servicio":"uno-rs","version":"1.0"}
{"@timestamp":"2026-07-08T08:20:37.5355478-05:00","@version":"1","message":"JWT validado para usuario: carljob","logger_name":"com.elparche.uno.security.JwtAuthFilter","thread_name":"http-nio-8090-exec-1","level":"INFO","level_value":20000,"servicio":"uno-rs","version":"1.0"}
{"@timestamp":"2026-07-08T08:20:37.771159-05:00","@version":"1","message":"JWT validado para usuario: jugador1","logger_name":"com.elparche.uno.security.JwtAuthFilter","thread_name":"http-nio-8090-exec-4","level":"INFO","level_value":20000,"servicio":"uno-rs","version":"1.0"}
{"@timestamp":"2026-07-08T08:20:37.7777512-05:00","@version":"1","message":"Apuesta publicada — username: jugador1, monto: 50.0, sala: AA9BA572","logger_name":"com.elparche.uno.config.RedisEventPublisher","thread_name":"http-nio-8090-exec-4","level":"INFO","level_value":20000,"servicio":"uno-rs","version":"1.0"}
{"@timestamp":"2026-07-08T08:20:37.7851397-05:00","@version":"1","message":"Sala AA9BA572 guardada en Redis","logger_name":"com.elparche.uno.game.GestorSalas","thread_name":"http-nio-8090-exec-4","level":"INFO","level_value":20000,"servicio":"uno-rs","version":"1.0"}
{"@timestamp":"2026-07-08T08:20:37.7856719-05:00","@version":"1","message":"jugador1 se unió a la sala AA9BA572 — jugadores: 2/2","logger_name":"com.elparche.uno.game.GestorSalas","thread_name":"http-nio-8090-exec-4","level":"INFO","level_value":20000,"servicio":"uno-rs","version":"1.0"}
{"@timestamp":"2026-07-08T08:20:37.8379836-05:00","@version":"1","message":"JWT validado para usuario: jugador1","logger_name":"com.elparche.uno.security.JwtAuthFilter","thread_name":"http-nio-8090-exec-9","level":"INFO","level_value":20000,"servicio":"uno-rs","version":"1.0"}
{"@timestamp":"2026-07-08T08:20:39.5345529-05:00","@version":"1","message":"JWT validado para usuario: carljob","logger_name":"com.elparche.uno.security.JwtAuthFilter","thread_name":"http-nio-8090-exec-10","level":"INFO","level_value":20000,"servicio":"uno-rs","version":"1.0"}
{"@timestamp":"2026-07-08T08:20:39.9213435-05:00","@version":"1","message":"JWT validado para usuario: jugador1","logger_name":"com.elparche.uno.security.JwtAuthFilter","thread_name":"http-nio-8090-exec-2","level":"INFO","level_value":20000,"servicio":"uno-rs","version":"1.0"}
{"@timestamp":"2026-07-08T08:20:41.5617803-05:00","@version":"1","message":"JWT validado para usuario: carljob","logger_name":"com.elparche.uno.security.JwtAuthFilter","thread_name":"http-nio-8090-exec-3","level":"INFO","level_value":20000,"servicio":"uno-rs","version":"1.0"}
{"@timestamp":"2026-07-08T08:20:41.934933-05:00","@version":"1","message":"JWT validado para usuario: jugador1","logger_name":"com.elparche.uno.security.JwtAuthFilter","thread_name":"http-nio-8090-exec-4","level":"INFO","level_value":20000,"servicio":"uno-rs","version":"1.0"}
{"@timestamp":"2026-07-08T08:20:43.5329148-05:00","@version":"1","message":"JWT validado para usuario: carljob","logger_name":"com.elparche.uno.security.JwtAuthFilter","thread_name":"http-nio-8090-exec-5","level":"INFO","level_value":20000,"servicio":"uno-rs","version":"1.0"}
{"@timestamp":"2026-07-08T08:20:43.919453-05:00","@version":"1","message":"JWT validado para usuario: jugador1","logger_name":"com.elparche.uno.security.JwtAuthFilter","thread_name":"http-nio-8090-exec-7","level":"INFO","level_value":20000,"servicio":"uno-rs","version":"1.0"}
{"@timestamp":"2026-07-08T08:20:45.5451063-05:00","@version":"1","message":"JWT validado para usuario: carljob","logger_name":"com.elparche.uno.security.JwtAuthFilter","thread_name":"http-nio-8090-exec-6","level":"INFO","level_value":20000,"servicio":"uno-rs","version":"1.0"}
{"@timestamp":"2026-07-08T08:20:45.928202-05:00","@version":"1","message":"JWT validado para usuario: jugador1","logger_name":"com.elparche.uno.security.JwtAuthFilter","thread_name":"http-nio-8090-exec-8","level":"INFO","level_value":20000,"servicio":"uno-rs","version":"1.0"}
{"@timestamp":"2026-07-08T08:20:47.557374-05:00","@version":"1","message":"JWT validado para usuario: carljob","logger_name":"com.elparche.uno.security.JwtAuthFilter","thread_name":"http-nio-8090-exec-10","level":"INFO","level_value":20000,"servicio":"uno-rs","version":"1.0"}
{"@timestamp":"2026-07-08T08:20:47.9312404-05:00","@version":"1","message":"JWT validado para usuario: jugador1","logger_name":"com.elparche.uno.security.JwtAuthFilter","thread_name":"http-nio-8090-exec-2","level":"INFO","level_value":20000,"servicio":"uno-rs","version":"1.0"}
{"@timestamp":"2026-07-08T08:20:48.0071808-05:00","@version":"1","message":"Icono cambiado en sala AA9BA572 — jugador1 ahora es \uD83D\uDC38","logger_name":"com.elparche.uno.websocket.UnoWebSocketController","thread_name":"clientInboundChannel-2","level":"INFO","level_value":20000,"servicio":"uno-rs","version":"1.0"}
{"@timestamp":"2026-07-08T08:20:49.542248-05:00","@version":"1","message":"JWT validado para usuario: carljob","logger_name":"com.elparche.uno.security.JwtAuthFilter","thread_name":"http-nio-8090-exec-3","level":"INFO","level_value":20000,"servicio":"uno-rs","version":"1.0"}
{"@timestamp":"2026-07-08T08:20:49.926827-05:00","@version":"1","message":"JWT validado para usuario: jugador1","logger_name":"com.elparche.uno.security.JwtAuthFilter","thread_name":"http-nio-8090-exec-4","level":"INFO","level_value":20000,"servicio":"uno-rs","version":"1.0"}
{"@timestamp":"2026-07-08T08:20:51.5408368-05:00","@version":"1","message":"JWT validado para usuario: carljob","logger_name":"com.elparche.uno.security.JwtAuthFilter","thread_name":"http-nio-8090-exec-5","level":"INFO","level_value":20000,"servicio":"uno-rs","version":"1.0"}
{"@timestamp":"2026-07-08T08:20:51.9256752-05:00","@version":"1","message":"JWT validado para usuario: jugador1","logger_name":"com.elparche.uno.security.JwtAuthFilter","thread_name":"http-nio-8090-exec-7","level":"INFO","level_value":20000,"servicio":"uno-rs","version":"1.0"}
{"@timestamp":"2026-07-08T08:20:53.5412444-05:00","@version":"1","message":"JWT validado para usuario: carljob","logger_name":"com.elparche.uno.security.JwtAuthFilter","thread_name":"http-nio-8090-exec-8","level":"INFO","level_value":20000,"servicio":"uno-rs","version":"1.0"}
{"@timestamp":"2026-07-08T08:20:53.9234081-05:00","@version":"1","message":"JWT validado para usuario: jugador1","logger_name":"com.elparche.uno.security.JwtAuthFilter","thread_name":"http-nio-8090-exec-9","level":"INFO","level_value":20000,"servicio":"uno-rs","version":"1.0"}
{"@timestamp":"2026-07-08T08:20:54.3816098-05:00","@version":"1","message":"Icono cambiado en sala AA9BA572 — jugador1 ahora es \uD83D\uDC3A","logger_name":"com.elparche.uno.websocket.UnoWebSocketController","thread_name":"clientInboundChannel-7","level":"INFO","level_value":20000,"servicio":"uno-rs","version":"1.0"}
{"@timestamp":"2026-07-08T08:20:55.5378831-05:00","@version":"1","message":"JWT validado para usuario: carljob","logger_name":"com.elparche.uno.security.JwtAuthFilter","thread_name":"http-nio-8090-exec-2","level":"INFO","level_value":20000,"servicio":"uno-rs","version":"1.0"}
{"@timestamp":"2026-07-08T08:20:55.9202973-05:00","@version":"1","message":"JWT validado para usuario: jugador1","logger_name":"com.elparche.uno.security.JwtAuthFilter","thread_name":"http-nio-8090-exec-1","level":"INFO","level_value":20000,"servicio":"uno-rs","version":"1.0"}
{"@timestamp":"2026-07-08T08:20:57.5372049-05:00","@version":"1","message":"JWT validado para usuario: carljob","logger_name":"com.elparche.uno.security.JwtAuthFilter","thread_name":"http-nio-8090-exec-3","level":"INFO","level_value":20000,"servicio":"uno-rs","version":"1.0"}
{"@timestamp":"2026-07-08T08:20:57.919502-05:00","@version":"1","message":"JWT validado para usuario: jugador1","logger_name":"com.elparche.uno.security.JwtAuthFilter","thread_name":"http-nio-8090-exec-4","level":"INFO","level_value":20000,"servicio":"uno-rs","version":"1.0"}
{"@timestamp":"2026-07-08T08:20:59.558594-05:00","@version":"1","message":"JWT validado para usuario: carljob","logger_name":"com.elparche.uno.security.JwtAuthFilter","thread_name":"http-nio-8090-exec-7","level":"INFO","level_value":20000,"servicio":"uno-rs","version":"1.0"}
{"@timestamp":"2026-07-08T08:20:59.931051-05:00","@version":"1","message":"JWT validado para usuario: jugador1","logger_name":"com.elparche.uno.security.JwtAuthFilter","thread_name":"http-nio-8090-exec-6","level":"INFO","level_value":20000,"servicio":"uno-rs","version":"1.0"}
{"@timestamp":"2026-07-08T08:21:01.5326887-05:00","@version":"1","message":"JWT validado para usuario: carljob","logger_name":"com.elparche.uno.security.JwtAuthFilter","thread_name":"http-nio-8090-exec-8","level":"INFO","level_value":20000,"servicio":"uno-rs","version":"1.0"}
{"@timestamp":"2026-07-08T08:21:01.9295376-05:00","@version":"1","message":"JWT validado para usuario: jugador1","logger_name":"com.elparche.uno.security.JwtAuthFilter","thread_name":"http-nio-8090-exec-9","level":"INFO","level_value":20000,"servicio":"uno-rs","version":"1.0"}
{"@timestamp":"2026-07-08T08:21:02.4398242-05:00","@version":"1","message":"Chat sala AA9BA572 — jugador1: hola","logger_name":"com.elparche.uno.websocket.UnoWebSocketController","thread_name":"clientInboundChannel-8","level":"INFO","level_value":20000,"servicio":"uno-rs","version":"1.0"}
{"@timestamp":"2026-07-08T08:21:03.5367597-05:00","@version":"1","message":"JWT validado para usuario: carljob","logger_name":"com.elparche.uno.security.JwtAuthFilter","thread_name":"http-nio-8090-exec-2","level":"INFO","level_value":20000,"servicio":"uno-rs","version":"1.0"}
{"@timestamp":"2026-07-08T08:21:03.932902-05:00","@version":"1","message":"JWT validado para usuario: jugador1","logger_name":"com.elparche.uno.security.JwtAuthFilter","thread_name":"http-nio-8090-exec-1","level":"INFO","level_value":20000,"servicio":"uno-rs","version":"1.0"}
{"@timestamp":"2026-07-08T08:21:05.5482393-05:00","@version":"1","message":"JWT validado para usuario: carljob","logger_name":"com.elparche.uno.security.JwtAuthFilter","thread_name":"http-nio-8090-exec-4","level":"INFO","level_value":20000,"servicio":"uno-rs","version":"1.0"}
{"@timestamp":"2026-07-08T08:21:05.9184562-05:00","@version":"1","message":"JWT validado para usuario: jugador1","logger_name":"com.elparche.uno.security.JwtAuthFilter","thread_name":"http-nio-8090-exec-5","level":"INFO","level_value":20000,"servicio":"uno-rs","version":"1.0"}
{"@timestamp":"2026-07-08T08:21:07.5348058-05:00","@version":"1","message":"JWT validado para usuario: carljob","logger_name":"com.elparche.uno.security.JwtAuthFilter","thread_name":"http-nio-8090-exec-7","level":"INFO","level_value":20000,"servicio":"uno-rs","version":"1.0"}
{"@timestamp":"2026-07-08T08:21:07.9260342-05:00","@version":"1","message":"JWT validado para usuario: jugador1","logger_name":"com.elparche.uno.security.JwtAuthFilter","thread_name":"http-nio-8090-exec-6","level":"INFO","level_value":20000,"servicio":"uno-rs","version":"1.0"}
{"@timestamp":"2026-07-08T08:21:09.5386915-05:00","@version":"1","message":"JWT validado para usuario: carljob","logger_name":"com.elparche.uno.security.JwtAuthFilter","thread_name":"http-nio-8090-exec-8","level":"INFO","level_value":20000,"servicio":"uno-rs","version":"1.0"}
{"@timestamp":"2026-07-08T08:21:09.923975-05:00","@version":"1","message":"JWT validado para usuario: jugador1","logger_name":"com.elparche.uno.security.JwtAuthFilter","thread_name":"http-nio-8090-exec-9","level":"INFO","level_value":20000,"servicio":"uno-rs","version":"1.0"}
{"@timestamp":"2026-07-08T08:21:11.5450882-05:00","@version":"1","message":"JWT validado para usuario: carljob","logger_name":"com.elparche.uno.security.JwtAuthFilter","thread_name":"http-nio-8090-exec-2","level":"INFO","level_value":20000,"servicio":"uno-rs","version":"1.0"}
{"@timestamp":"2026-07-08T08:21:11.9218152-05:00","@version":"1","message":"JWT validado para usuario: jugador1","logger_name":"com.elparche.uno.security.JwtAuthFilter","thread_name":"http-nio-8090-exec-1","level":"INFO","level_value":20000,"servicio":"uno-rs","version":"1.0"}
{"@timestamp":"2026-07-08T08:21:13.5407352-05:00","@version":"1","message":"JWT validado para usuario: carljob","logger_name":"com.elparche.uno.security.JwtAuthFilter","thread_name":"http-nio-8090-exec-3","level":"INFO","level_value":20000,"servicio":"uno-rs","version":"1.0"}
{"@timestamp":"2026-07-08T08:21:13.922195-05:00","@version":"1","message":"JWT validado para usuario: jugador1","logger_name":"com.elparche.uno.security.JwtAuthFilter","thread_name":"http-nio-8090-exec-4","level":"INFO","level_value":20000,"servicio":"uno-rs","version":"1.0"}
{"@timestamp":"2026-07-08T08:21:15.5382635-05:00","@version":"1","message":"JWT validado para usuario: carljob","logger_name":"com.elparche.uno.security.JwtAuthFilter","thread_name":"http-nio-8090-exec-5","level":"INFO","level_value":20000,"servicio":"uno-rs","version":"1.0"}
{"@timestamp":"2026-07-08T08:21:15.92078-05:00","@version":"1","message":"JWT validado para usuario: jugador1","logger_name":"com.elparche.uno.security.JwtAuthFilter","thread_name":"http-nio-8090-exec-7","level":"INFO","level_value":20000,"servicio":"uno-rs","version":"1.0"}
{"@timestamp":"2026-07-08T08:21:17.5385953-05:00","@version":"1","message":"JWT validado para usuario: carljob","logger_name":"com.elparche.uno.security.JwtAuthFilter","thread_name":"http-nio-8090-exec-8","level":"INFO","level_value":20000,"servicio":"uno-rs","version":"1.0"}
{"@timestamp":"2026-07-08T08:21:17.9187253-05:00","@version":"1","message":"JWT validado para usuario: jugador1","logger_name":"com.elparche.uno.security.JwtAuthFilter","thread_name":"http-nio-8090-exec-9","level":"INFO","level_value":20000,"servicio":"uno-rs","version":"1.0"}
{"@timestamp":"2026-07-08T08:21:19.534146-05:00","@version":"1","message":"JWT validado para usuario: carljob","logger_name":"com.elparche.uno.security.JwtAuthFilter","thread_name":"http-nio-8090-exec-10","level":"INFO","level_value":20000,"servicio":"uno-rs","version":"1.0"}
{"@timestamp":"2026-07-08T08:21:19.9260594-05:00","@version":"1","message":"JWT validado para usuario: jugador1","logger_name":"com.elparche.uno.security.JwtAuthFilter","thread_name":"http-nio-8090-exec-2","level":"INFO","level_value":20000,"servicio":"uno-rs","version":"1.0"}
{"@timestamp":"2026-07-08T08:21:21.5331275-05:00","@version":"1","message":"JWT validado para usuario: carljob","logger_name":"com.elparche.uno.security.JwtAuthFilter","thread_name":"http-nio-8090-exec-1","level":"INFO","level_value":20000,"servicio":"uno-rs","version":"1.0"}
{"@timestamp":"2026-07-08T08:21:21.9221172-05:00","@version":"1","message":"JWT validado para usuario: jugador1","logger_name":"com.elparche.uno.security.JwtAuthFilter","thread_name":"http-nio-8090-exec-3","level":"INFO","level_value":20000,"servicio":"uno-rs","version":"1.0"}
{"@timestamp":"2026-07-08T08:21:23.5360601-05:00","@version":"1","message":"JWT validado para usuario: carljob","logger_name":"com.elparche.uno.security.JwtAuthFilter","thread_name":"http-nio-8090-exec-5","level":"INFO","level_value":20000,"servicio":"uno-rs","version":"1.0"}
{"@timestamp":"2026-07-08T08:21:23.9226551-05:00","@version":"1","message":"JWT validado para usuario: jugador1","logger_name":"com.elparche.uno.security.JwtAuthFilter","thread_name":"http-nio-8090-exec-7","level":"INFO","level_value":20000,"servicio":"uno-rs","version":"1.0"}
{"@timestamp":"2026-07-08T08:21:25.5325532-05:00","@version":"1","message":"JWT validado para usuario: carljob","logger_name":"com.elparche.uno.security.JwtAuthFilter","thread_name":"http-nio-8090-exec-6","level":"INFO","level_value":20000,"servicio":"uno-rs","version":"1.0"}
{"@timestamp":"2026-07-08T08:21:25.9259425-05:00","@version":"1","message":"JWT validado para usuario: jugador1","logger_name":"com.elparche.uno.security.JwtAuthFilter","thread_name":"http-nio-8090-exec-8","level":"INFO","level_value":20000,"servicio":"uno-rs","version":"1.0"}
{"@timestamp":"2026-07-08T08:21:27.5450509-05:00","@version":"1","message":"JWT validado para usuario: carljob","logger_name":"com.elparche.uno.security.JwtAuthFilter","thread_name":"http-nio-8090-exec-9","level":"INFO","level_value":20000,"servicio":"uno-rs","version":"1.0"}
{"@timestamp":"2026-07-08T08:21:27.9281531-05:00","@version":"1","message":"JWT validado para usuario: jugador1","logger_name":"com.elparche.uno.security.JwtAuthFilter","thread_name":"http-nio-8090-exec-10","level":"INFO","level_value":20000,"servicio":"uno-rs","version":"1.0"}
{"@timestamp":"2026-07-08T08:21:29.542083-05:00","@version":"1","message":"JWT validado para usuario: carljob","logger_name":"com.elparche.uno.security.JwtAuthFilter","thread_name":"http-nio-8090-exec-1","level":"INFO","level_value":20000,"servicio":"uno-rs","version":"1.0"}
{"@timestamp":"2026-07-08T08:21:29.9254311-05:00","@version":"1","message":"JWT validado para usuario: jugador1","logger_name":"com.elparche.uno.security.JwtAuthFilter","thread_name":"http-nio-8090-exec-3","level":"INFO","level_value":20000,"servicio":"uno-rs","version":"1.0"}
{"@timestamp":"2026-07-08T08:21:31.5416923-05:00","@version":"1","message":"JWT validado para usuario: carljob","logger_name":"com.elparche.uno.security.JwtAuthFilter","thread_name":"http-nio-8090-exec-4","level":"INFO","level_value":20000,"servicio":"uno-rs","version":"1.0"}
{"@timestamp":"2026-07-08T08:21:31.9239067-05:00","@version":"1","message":"JWT validado para usuario: jugador1","logger_name":"com.elparche.uno.security.JwtAuthFilter","thread_name":"http-nio-8090-exec-5","level":"INFO","level_value":20000,"servicio":"uno-rs","version":"1.0"}
{"@timestamp":"2026-07-08T08:21:33.5397717-05:00","@version":"1","message":"JWT validado para usuario: carljob","logger_name":"com.elparche.uno.security.JwtAuthFilter","thread_name":"http-nio-8090-exec-7","level":"INFO","level_value":20000,"servicio":"uno-rs","version":"1.0"}
{"@timestamp":"2026-07-08T08:21:33.9241584-05:00","@version":"1","message":"JWT validado para usuario: jugador1","logger_name":"com.elparche.uno.security.JwtAuthFilter","thread_name":"http-nio-8090-exec-6","level":"INFO","level_value":20000,"servicio":"uno-rs","version":"1.0"}
{"@timestamp":"2026-07-08T08:21:35.5424658-05:00","@version":"1","message":"JWT validado para usuario: carljob","logger_name":"com.elparche.uno.security.JwtAuthFilter","thread_name":"http-nio-8090-exec-9","level":"INFO","level_value":20000,"servicio":"uno-rs","version":"1.0"}
{"@timestamp":"2026-07-08T08:21:35.9218266-05:00","@version":"1","message":"JWT validado para usuario: jugador1","logger_name":"com.elparche.uno.security.JwtAuthFilter","thread_name":"http-nio-8090-exec-10","level":"INFO","level_value":20000,"servicio":"uno-rs","version":"1.0"}
{"@timestamp":"2026-07-08T08:21:37.5368381-05:00","@version":"1","message":"JWT validado para usuario: carljob","logger_name":"com.elparche.uno.security.JwtAuthFilter","thread_name":"http-nio-8090-exec-2","level":"INFO","level_value":20000,"servicio":"uno-rs","version":"1.0"}
{"@timestamp":"2026-07-08T08:21:37.9195302-05:00","@version":"1","message":"JWT validado para usuario: jugador1","logger_name":"com.elparche.uno.security.JwtAuthFilter","thread_name":"http-nio-8090-exec-1","level":"INFO","level_value":20000,"servicio":"uno-rs","version":"1.0"}
{"@timestamp":"2026-07-08T08:21:39.3354616-05:00","@version":"1","message":"Mazo creado con 108 cartas","logger_name":"com.elparche.uno.game.MazoUno","thread_name":"clientInboundChannel-17","level":"INFO","level_value":20000,"servicio":"uno-rs","version":"1.0"}
{"@timestamp":"2026-07-08T08:21:39.3379152-05:00","@version":"1","message":"Juego iniciado en sala AA9BA572 con 2 jugadores","logger_name":"com.elparche.uno.game.MotorUno","thread_name":"clientInboundChannel-17","level":"INFO","level_value":20000,"servicio":"uno-rs","version":"1.0"}
{"@timestamp":"2026-07-08T08:21:39.3556808-05:00","@version":"1","message":"Sala AA9BA572 guardada en Redis","logger_name":"com.elparche.uno.game.GestorSalas","thread_name":"clientInboundChannel-17","level":"INFO","level_value":20000,"servicio":"uno-rs","version":"1.0"}
{"@timestamp":"2026-07-08T08:21:39.3696614-05:00","@version":"1","message":"Juego iniciado en sala AA9BA572 por carljob","logger_name":"com.elparche.uno.websocket.UnoWebSocketController","thread_name":"clientInboundChannel-17","level":"INFO","level_value":20000,"servicio":"uno-rs","version":"1.0"}
{"@timestamp":"2026-07-08T08:22:34.0459806-05:00","@version":"1","message":"Carta robada en sala AA9BA572 por carljob","logger_name":"com.elparche.uno.websocket.UnoWebSocketController","thread_name":"clientInboundChannel-20","level":"INFO","level_value":20000,"servicio":"uno-rs","version":"1.0"}
{"@timestamp":"2026-07-08T08:22:36.6640113-05:00","@version":"1","message":"Carta robada en sala AA9BA572 por jugador1","logger_name":"com.elparche.uno.websocket.UnoWebSocketController","thread_name":"clientInboundChannel-23","level":"INFO","level_value":20000,"servicio":"uno-rs","version":"1.0"}
{"@timestamp":"2026-07-08T08:22:37.8599165-05:00","@version":"1","message":"Carta robada en sala AA9BA572 por carljob","logger_name":"com.elparche.uno.websocket.UnoWebSocketController","thread_name":"clientInboundChannel-26","level":"INFO","level_value":20000,"servicio":"uno-rs","version":"1.0"}
{"@timestamp":"2026-07-08T08:22:39.1914509-05:00","@version":"1","message":"Carta robada en sala AA9BA572 por jugador1","logger_name":"com.elparche.uno.websocket.UnoWebSocketController","thread_name":"clientInboundChannel-29","level":"INFO","level_value":20000,"servicio":"uno-rs","version":"1.0"}
{"@timestamp":"2026-07-08T08:22:43.0038876-05:00","@version":"1","message":"Carta robada en sala AA9BA572 por carljob","logger_name":"com.elparche.uno.websocket.UnoWebSocketController","thread_name":"clientInboundChannel-32","level":"INFO","level_value":20000,"servicio":"uno-rs","version":"1.0"}
{"@timestamp":"2026-07-08T08:23:06.603429-05:00","@version":"1","message":"Carta jugada en sala AA9BA572 por jugador1 — Turno siguiente","logger_name":"com.elparche.uno.websocket.UnoWebSocketController","thread_name":"clientInboundChannel-35","level":"INFO","level_value":20000,"servicio":"uno-rs","version":"1.0"}
{"@timestamp":"2026-07-08T08:23:15.5629698-05:00","@version":"1","message":"Carta jugada en sala AA9BA572 por carljob — Turno siguiente","logger_name":"com.elparche.uno.websocket.UnoWebSocketController","thread_name":"clientInboundChannel-20","level":"INFO","level_value":20000,"servicio":"uno-rs","version":"1.0"}
